<?xml version="1.0" encoding="UTF-8"?>
<testng-results ignored="0" total="1" passed="1" failed="0" skipped="0">
  <reporter-output>
  </reporter-output>
  <suite started-at="2024-05-27T15:15:24 EDT" name="Suite" finished-at="2024-05-27T15:15:31 EDT" duration-ms="7194">
    <groups>
      <group name="Master">
        <method signature="TC_007_ProductDisplayTest.verify_productdisplay()[pri:0, instance:testCases.TC_007_ProductDisplayTest@7e8dcdaa]" name="verify_productdisplay" class="testCases.TC_007_ProductDisplayTest"/>
      </group> <!-- Master -->
    </groups>
    <test started-at="2024-05-27T15:15:24 EDT" name="Test" finished-at="2024-05-27T15:15:31 EDT" duration-ms="7194">
      <class name="testCases.TC_007_ProductDisplayTest">
        <test-method is-config="true" signature="setup(java.lang.String,java.lang.String)[pri:0, instance:testCases.TC_007_ProductDisplayTest@7e8dcdaa]" started-at="2024-05-27T15:15:24 EDT" name="setup" finished-at="2024-05-27T15:15:29 EDT" duration-ms="4681" status="PASS">
          <params>
            <param index="0">
              <value>
                <![CDATA[Windows]]>
              </value>
            </param>
            <param index="1">
              <value>
                <![CDATA[chrome]]>
              </value>
            </param>
          </params>
          <reporter-output>
          </reporter-output>
        </test-method> <!-- setup -->
        <test-method signature="verify_productdisplay()[pri:0, instance:testCases.TC_007_ProductDisplayTest@7e8dcdaa]" started-at="2024-05-27T15:15:29 EDT" name="verify_productdisplay" finished-at="2024-05-27T15:15:31 EDT" duration-ms="2078" status="PASS">
          <reporter-output>
          </reporter-output>
        </test-method> <!-- verify_productdisplay -->
        <test-method is-config="true" signature="tearDown()[pri:0, instance:testCases.TC_007_ProductDisplayTest@7e8dcdaa]" started-at="2024-05-27T15:15:31 EDT" name="tearDown" finished-at="2024-05-27T15:15:31 EDT" duration-ms="197" status="PASS">
          <reporter-output>
          </reporter-output>
        </test-method> <!-- tearDown -->
      </class> <!-- testCases.TC_007_ProductDisplayTest -->
    </test> <!-- Test -->
  </suite> <!-- Suite -->
</testng-results>
